{"name": "test_weekend_trip", "status": "broken", "statusDetails": {"message": "selenium.common.exceptions.TimeoutException: Message: \nStacktrace:\n\tGetHandleVerifier [0x00007FF6D099CF25+75717]\n\tGetHandleVerifier [0x00007FF6D099CF80+75808]\n\t(No symbol) [0x00007FF6D0768F9A]\n\t(No symbol) [0x00007FF6D07BF4C6]\n\t(No symbol) [0x00007FF6D07BF77C]\n\t(No symbol) [0x00007FF6D0812577]\n\t(No symbol) [0x00007FF6D07E73BF]\n\t(No symbol) [0x00007FF6D080F39C]\n\t(No symbol) [0x00007FF6D07E7153]\n\t(No symbol) [0x00007FF6D07B0421]\n\t(No symbol) [0x00007FF6D07B11B3]\n\tGetHandleVerifier [0x00007FF6D0C9D6FD+3223453]\n\tGetHandleVerifier [0x00007FF6D0C97CA2+3200322]\n\tGetHandleVerifier [0x00007FF6D0CB5AD3+3322739]\n\tGetHandleVerifier [0x00007FF6D09B69FA+180890]\n\tGetHandleVerifier [0x00007FF6D09BE0FF+211359]\n\tGetHandleVerifier [0x00007FF6D09A5274+109332]\n\tGetHandleVerifier [0x00007FF6D09A5422+109762]\n\tGetHandleVerifier [0x00007FF6D098BA39+4825]\n\tBaseThreadInitThunk [0x00007FFC468F7374+20]\n\tRtlUserThreadStart [0x00007FFC4819CC91+33]", "trace": "self = <tests.test_ui.TestAviasalesUI object at 0x000002B5B78922A0>\nbrowser = <selenium.webdriver.chrome.webdriver.WebDriver (session=\"556db52d3b8723e9f96e8972ed2f2ace\")>\n\n    @allure.story(\"Функция 'Улететь куда-нибудь'\")\n    def test_weekend_trip(self, browser):\n        \"\"\"Проверка функции 'Улететь куда-нибудь на выходные'.\"\"\"\n        with allure.step(\"1. Нажать на кнопку 'Куда-нибудь'\"):\n>           weekend_btn = WebDriverWait(browser, 10).until(\n                EC.element_to_be_clickable(Locators.WEEKEND_BUTTON))\n\ntests\\test_ui.py:64: \n_ _ _ _ _ _ _ _ _ _ _ _ _ _ _ _ _ _ _ _ _ _ _ _ _ _ _ _ _ _ _ _ _ _ _ _ _ _ _ _ _ _ _ _ _ _ _ _ _ _ _ _ _ _ _ _ _ _ _ _\n\nself = <selenium.webdriver.support.wait.WebDriverWait (session=\"556db52d3b8723e9f96e8972ed2f2ace\")>\nmethod = <function element_to_be_clickable.<locals>._predicate at 0x000002B5B7940720>, message = ''\n\n    def until(self, method: Callable[[D], Union[Literal[False], T]], message: str = \"\") -> T:\n        \"\"\"Wait until the method returns a value that is not False.\n    \n        Calls the method provided with the driver as an argument until the\n        return value does not evaluate to ``False``.\n    \n        Parameters:\n        -----------\n        method: callable(WebDriver)\n            - A callable object that takes a WebDriver instance as an argument.\n    \n        message: str\n            - Optional message for :exc:`TimeoutException`\n    \n        Return:\n        -------\n        object: T\n            - The result of the last call to `method`\n    \n        Raises:\n        -------\n        TimeoutException\n            - If 'method' does not return a truthy value within the WebDriverWait\n            object's timeout\n    \n        Example:\n        --------\n        >>> from selenium.webdriver.common.by import By\n        >>> from selenium.webdriver.support.ui import WebDriverWait\n        >>> from selenium.webdriver.support import expected_conditions as EC\n    \n        # Wait until an element is visible on the page\n        >>> wait = WebDriverWait(driver, 10)\n        >>> element = wait.until(EC.visibility_of_element_located((By.ID, \"exampleId\")))\n        >>> print(element.text)\n        \"\"\"\n        screen = None\n        stacktrace = None\n    \n        end_time = time.monotonic() + self._timeout\n        while True:\n            try:\n                value = method(self._driver)\n                if value:\n                    return value\n            except self._ignored_exceptions as exc:\n                screen = getattr(exc, \"screen\", None)\n                stacktrace = getattr(exc, \"stacktrace\", None)\n            if time.monotonic() > end_time:\n                break\n            time.sleep(self._poll)\n>       raise TimeoutException(message, screen, stacktrace)\nE       selenium.common.exceptions.TimeoutException: Message: \nE       Stacktrace:\nE       \tGetHandleVerifier [0x00007FF6D099CF25+75717]\nE       \tGetHandleVerifier [0x00007FF6D099CF80+75808]\nE       \t(No symbol) [0x00007FF6D0768F9A]\nE       \t(No symbol) [0x00007FF6D07BF4C6]\nE       \t(No symbol) [0x00007FF6D07BF77C]\nE       \t(No symbol) [0x00007FF6D0812577]\nE       \t(No symbol) [0x00007FF6D07E73BF]\nE       \t(No symbol) [0x00007FF6D080F39C]\nE       \t(No symbol) [0x00007FF6D07E7153]\nE       \t(No symbol) [0x00007FF6D07B0421]\nE       \t(No symbol) [0x00007FF6D07B11B3]\nE       \tGetHandleVerifier [0x00007FF6D0C9D6FD+3223453]\nE       \tGetHandleVerifier [0x00007FF6D0C97CA2+3200322]\nE       \tGetHandleVerifier [0x00007FF6D0CB5AD3+3322739]\nE       \tGetHandleVerifier [0x00007FF6D09B69FA+180890]\nE       \tGetHandleVerifier [0x00007FF6D09BE0FF+211359]\nE       \tGetHandleVerifier [0x00007FF6D09A5274+109332]\nE       \tGetHandleVerifier [0x00007FF6D09A5422+109762]\nE       \tGetHandleVerifier [0x00007FF6D098BA39+4825]\nE       \tBaseThreadInitThunk [0x00007FFC468F7374+20]\nE       \tRtlUserThreadStart [0x00007FFC4819CC91+33]\n\n.venv\\Lib\\site-packages\\selenium\\webdriver\\support\\wait.py:146: TimeoutException"}, "description": "Проверка функции 'Улететь куда-нибудь на выходные'.", "steps": [{"name": "1. Нажать на кнопку 'Куда-нибудь'", "status": "broken", "statusDetails": {"message": "selenium.common.exceptions.TimeoutException: Message: \nStacktrace:\n\tGetHandleVerifier [0x00007FF6D099CF25+75717]\n\tGetHandleVerifier [0x00007FF6D099CF80+75808]\n\t(No symbol) [0x00007FF6D0768F9A]\n\t(No symbol) [0x00007FF6D07BF4C6]\n\t(No symbol) [0x00007FF6D07BF77C]\n\t(No symbol) [0x00007FF6D0812577]\n\t(No symbol) [0x00007FF6D07E73BF]\n\t(No symbol) [0x00007FF6D080F39C]\n\t(No symbol) [0x00007FF6D07E7153]\n\t(No symbol) [0x00007FF6D07B0421]\n\t(No symbol) [0x00007FF6D07B11B3]\n\tGetHandleVerifier [0x00007FF6D0C9D6FD+3223453]\n\tGetHandleVerifier [0x00007FF6D0C97CA2+3200322]\n\tGetHandleVerifier [0x00007FF6D0CB5AD3+3322739]\n\tGetHandleVerifier [0x00007FF6D09B69FA+180890]\n\tGetHandleVerifier [0x00007FF6D09BE0FF+211359]\n\tGetHandleVerifier [0x00007FF6D09A5274+109332]\n\tGetHandleVerifier [0x00007FF6D09A5422+109762]\n\tGetHandleVerifier [0x00007FF6D098BA39+4825]\n\tBaseThreadInitThunk [0x00007FFC468F7374+20]\n\tRtlUserThreadStart [0x00007FFC4819CC91+33]\n\n", "trace": "  File \"C:\\Users\\Юлия\\OneDrive\\Desktop\\jULL\\Skypro\\aviasales_autotests\\tests\\test_ui.py\", line 64, in test_weekend_trip\n    weekend_btn = WebDriverWait(browser, 10).until(\n                  ^^^^^^^^^^^^^^^^^^^^^^^^^^^^^^^^^\n  File \"C:\\Users\\Юлия\\OneDrive\\Desktop\\jULL\\Skypro\\aviasales_autotests\\.venv\\Lib\\site-packages\\selenium\\webdriver\\support\\wait.py\", line 146, in until\n    raise TimeoutException(message, screen, stacktrace)\n"}, "start": 1746793733533, "stop": 1746793743725}], "start": 1746793733533, "stop": 1746793743726, "uuid": "225b0a7d-494e-4beb-a8b3-51e8753e224d", "historyId": "86ee693e98a0087878630987f2e8541f", "testCaseId": "86ee693e98a0087878630987f2e8541f", "fullName": "tests.test_ui.TestAviasalesUI#test_weekend_trip", "labels": [{"name": "story", "value": "Функция 'Улететь куда-нибудь'"}, {"name": "feature", "value": "UI Тесты Aviasales"}, {"name": "parentSuite", "value": "tests"}, {"name": "suite", "value": "test_ui"}, {"name": "subSuite", "value": "TestAviasalesUI"}, {"name": "host", "value": "DESKTOP-40TG5MB"}, {"name": "thread", "value": "15280-MainThread"}, {"name": "framework", "value": "pytest"}, {"name": "language", "value": "cpython3"}, {"name": "package", "value": "tests.test_ui"}]}